java.util.logging.ErrorManager: 4
java.io.FileNotFoundException: /homes/tt1611/Desktop/WebApp/WebApp/example-context/logs/catalina.2013-06-10.log (Disk quota exceeded)
	at java.io.FileOutputStream.openAppend(Native Method)
	at java.io.FileOutputStream.<init>(FileOutputStream.java:207)
	at org.apache.juli.FileHandler.openWriter(FileHandler.java:386)
	at org.apache.juli.FileHandler.<init>(FileHandler.java:99)
	at org.apache.juli.FileHandler.<init>(FileHandler.java:90)
	at sun.reflect.NativeConstructorAccessorImpl.newInstance0(Native Method)
	at sun.reflect.NativeConstructorAccessorImpl.newInstance(NativeConstructorAccessorImpl.java:57)
	at sun.reflect.DelegatingConstructorAccessorImpl.newInstance(DelegatingConstructorAccessorImpl.java:45)
	at java.lang.reflect.Constructor.newInstance(Constructor.java:532)
	at java.lang.Class.newInstance0(Class.java:374)
	at java.lang.Class.newInstance(Class.java:327)
	at org.apache.juli.ClassLoaderLogManager.readConfiguration(ClassLoaderLogManager.java:521)
	at org.apache.juli.ClassLoaderLogManager.readConfiguration(ClassLoaderLogManager.java:464)
	at org.apache.juli.ClassLoaderLogManager.readConfiguration(ClassLoaderLogManager.java:288)
	at java.util.logging.LogManager$2.run(LogManager.java:279)
	at java.util.logging.LogManager$2.run(LogManager.java:277)
	at java.security.AccessController.doPrivileged(Native Method)
	at java.util.logging.LogManager.readPrimordialConfiguration(LogManager.java:277)
	at java.util.logging.LogManager.getLogManager(LogManager.java:260)
	at java.util.logging.Logger.<init>(Logger.java:245)
	at java.util.logging.LogManager$RootLogger.<init>(LogManager.java:1303)
	at java.util.logging.LogManager$RootLogger.<init>(LogManager.java:1301)
	at java.util.logging.LogManager$1.run(LogManager.java:199)
	at java.security.AccessController.doPrivileged(Native Method)
	at java.util.logging.LogManager.<clinit>(LogManager.java:176)
	at java.util.logging.Logger.demandLogger(Logger.java:300)
	at java.util.logging.Logger.getLogger(Logger.java:341)
	at org.apache.juli.logging.DirectJDKLog.<init>(DirectJDKLog.java:71)
	at org.apache.juli.logging.DirectJDKLog.getInstance(DirectJDKLog.java:196)
	at org.apache.juli.logging.LogFactory.getInstance(LogFactory.java:170)
	at org.apache.juli.logging.LogFactory.getInstance(LogFactory.java:242)
	at org.apache.juli.logging.LogFactory.getLog(LogFactory.java:293)
	at org.apache.catalina.startup.Bootstrap.<clinit>(Bootstrap.java:60)
java.util.logging.ErrorManager: 4
java.io.FileNotFoundException: /homes/tt1611/Desktop/WebApp/WebApp/example-context/logs/localhost.2013-06-10.log (Disk quota exceeded)
	at java.io.FileOutputStream.openAppend(Native Method)
	at java.io.FileOutputStream.<init>(FileOutputStream.java:207)
	at org.apache.juli.FileHandler.openWriter(FileHandler.java:386)
	at org.apache.juli.FileHandler.<init>(FileHandler.java:99)
	at org.apache.juli.FileHandler.<init>(FileHandler.java:90)
	at sun.reflect.NativeConstructorAccessorImpl.newInstance0(Native Method)
	at sun.reflect.NativeConstructorAccessorImpl.newInstance(NativeConstructorAccessorImpl.java:57)
	at sun.reflect.DelegatingConstructorAccessorImpl.newInstance(DelegatingConstructorAccessorImpl.java:45)
	at java.lang.reflect.Constructor.newInstance(Constructor.java:532)
	at java.lang.Class.newInstance0(Class.java:374)
	at java.lang.Class.newInstance(Class.java:327)
	at org.apache.juli.ClassLoaderLogManager.readConfiguration(ClassLoaderLogManager.java:521)
	at org.apache.juli.ClassLoaderLogManager.readConfiguration(ClassLoaderLogManager.java:464)
	at org.apache.juli.ClassLoaderLogManager.readConfiguration(ClassLoaderLogManager.java:288)
	at java.util.logging.LogManager$2.run(LogManager.java:279)
	at java.util.logging.LogManager$2.run(LogManager.java:277)
	at java.security.AccessController.doPrivileged(Native Method)
	at java.util.logging.LogManager.readPrimordialConfiguration(LogManager.java:277)
	at java.util.logging.LogManager.getLogManager(LogManager.java:260)
	at java.util.logging.Logger.<init>(Logger.java:245)
	at java.util.logging.LogManager$RootLogger.<init>(LogManager.java:1303)
	at java.util.logging.LogManager$RootLogger.<init>(LogManager.java:1301)
	at java.util.logging.LogManager$1.run(LogManager.java:199)
	at java.security.AccessController.doPrivileged(Native Method)
	at java.util.logging.LogManager.<clinit>(LogManager.java:176)
	at java.util.logging.Logger.demandLogger(Logger.java:300)
	at java.util.logging.Logger.getLogger(Logger.java:341)
	at org.apache.juli.logging.DirectJDKLog.<init>(DirectJDKLog.java:71)
	at org.apache.juli.logging.DirectJDKLog.getInstance(DirectJDKLog.java:196)
	at org.apache.juli.logging.LogFactory.getInstance(LogFactory.java:170)
	at org.apache.juli.logging.LogFactory.getInstance(LogFactory.java:242)
	at org.apache.juli.logging.LogFactory.getLog(LogFactory.java:293)
	at org.apache.catalina.startup.Bootstrap.<clinit>(Bootstrap.java:60)
